{"/Users/fk/Documents/SJPI23/Uppg7_WORDLE game/src/SecretWords.js": {"path":"/Users/fk/Documents/SJPI23/Uppg7_WORDLE game/src/SecretWords.js","statementMap":{"0":{"start":{"line":2,"column":21},"end":{"line":6,"column":3}},"1":{"start":{"line":7,"column":19},"end":{"line":7,"column":37}},"2":{"start":{"line":8,"column":22},"end":{"line":8,"column":65}},"3":{"start":{"line":9,"column":2},"end":{"line":9,"column":31}}},"fnMap":{"0":{"name":"getRandomWord","decl":{"start":{"line":1,"column":24},"end":{"line":1,"column":37}},"loc":{"start":{"line":1,"column":46},"end":{"line":10,"column":1}},"line":1}},"branchMap":{},"s":{"0":3,"1":3,"2":3,"3":3},"f":{"0":3},"b":{},"_coverageSchema":"1a1c01bbd47fc00a2c39e90264f33305004495a9","hash":"0f90dbaf2a6a0460e6af5a0f6a1fb1f8cf6ec3ce"}
,"/Users/fk/Documents/SJPI23/Uppg7_WORDLE game/src/header.js": {"path":"/Users/fk/Documents/SJPI23/Uppg7_WORDLE game/src/header.js","statementMap":{"0":{"start":{"line":2,"column":20},"end":{"line":6,"column":3}},"1":{"start":{"line":7,"column":2},"end":{"line":14,"column":5}},"2":{"start":{"line":9,"column":6},"end":{"line":12,"column":8}}},"fnMap":{"0":{"name":"renderHBS","decl":{"start":{"line":1,"column":22},"end":{"line":1,"column":31}},"loc":{"start":{"line":1,"column":43},"end":{"line":15,"column":1}},"line":1},"1":{"name":"(anonymous_1)","decl":{"start":{"line":8,"column":28},"end":{"line":8,"column":29}},"loc":{"start":{"line":8,"column":38},"end":{"line":13,"column":5}},"line":8}},"branchMap":{},"s":{"0":1,"1":1,"2":3},"f":{"0":1,"1":3},"b":{},"_coverageSchema":"1a1c01bbd47fc00a2c39e90264f33305004495a9","hash":"ceb35553e08938dd6a2d9c4241b9054c4a372112"}
}
